<?xml version="1.0" encoding="UTF-8"?>
<!-- Generated by org.testng.reporters.JUnitReportReporter -->
<testsuite skipped="0" hostname="AVE-LAP-329" name="tests.SearchProductUsingAutoSuggestTest" tests="1" failures="0" timestamp="2021-03-27T07:06:17 EET" time="1.208" errors="0">
  <testcase name="UserCanSearchWithAutoSuggest" time="1.208" classname="tests.SearchProductUsingAutoSuggestTest"/>
  <system-out/>
</testsuite> <!-- tests.SearchProductUsingAutoSuggestTest -->
