<?xml version="1.0" encoding="UTF-8"?>
<!-- Generated by org.testng.reporters.JUnitReportReporter -->
<testsuite skipped="0" hostname="AVE-LAP-329" name="tests.UserRegistrationTest" tests="3" failures="0" timestamp="27 Mar 2021 22:30:14 GMT" time="7.470" errors="0">
  <testcase name="RegisteredUserCanLogout" time="0.940" classname="tests.UserRegistrationTest"/>
  <testcase name="RegisteredUserCanLogin" time="1.696" classname="tests.UserRegistrationTest"/>
  <testcase name="UserCanRegisterSuccssfully" time="4.834" classname="tests.UserRegistrationTest"/>
</testsuite> <!-- tests.UserRegistrationTest -->
